[[1;34mINFO[m] Scanning for projects...
Downloading from central: https://repo.maven.apache.org/maven2/org/jetbrains/kotlin/kotlin-bom/2.1.0/kotlin-bom-2.1.0.pom
[[1;33mWARNING[m] Failed to write tracking file /home/thinkpad/.m2/repository/org/jetbrains/kotlin/kotlin-bom/2.1.0/kotlin-bom-2.1.0.pom.lastUpdated
[1;31mjava.io.FileNotFoundException[m: [1;31m/home/thinkpad/.m2/repository/org/jetbrains/kotlin/kotlin-bom/2.1.0/kotlin-bom-2.1.0.pom.lastUpdated (Permission denied)[m
    [1mat[m java.io.RandomAccessFile.open0 ([1mNative Method[m)
    [1mat[m java.io.RandomAccessFile.open ([1mRandomAccessFile.java:356[m)
    [1mat[m java.io.RandomAccessFile.<init> ([1mRandomAccessFile.java:273[m)
    [1mat[m java.io.RandomAccessFile.<init> ([1mRandomAccessFile.java:223[m)
    [1mat[m org.eclipse.aether.internal.impl.TrackingFileManager.update ([1mTrackingFileManager.java:99[m)
    [1mat[m org.eclipse.aether.internal.impl.DefaultUpdateCheckManager.write ([1mDefaultUpdateCheckManager.java:590[m)
    [1mat[m org.eclipse.aether.internal.impl.DefaultUpdateCheckManager.touchArtifact ([1mDefaultUpdateCheckManager.java:526[m)
    [1mat[m org.eclipse.aether.internal.impl.DefaultArtifactResolver.evaluateDownloads ([1mDefaultArtifactResolver.java:619[m)
    [1mat[m org.eclipse.aether.internal.impl.DefaultArtifactResolver.performDownloads ([1mDefaultArtifactResolver.java:510[m)
    [1mat[m org.eclipse.aether.internal.impl.DefaultArtifactResolver.resolve ([1mDefaultArtifactResolver.java:401[m)
    [1mat[m org.eclipse.aether.internal.impl.DefaultArtifactResolver.resolveArtifacts ([1mDefaultArtifactResolver.java:229[m)
    [1mat[m org.eclipse.aether.internal.impl.DefaultArtifactResolver.resolveArtifact ([1mDefaultArtifactResolver.java:207[m)
    [1mat[m org.eclipse.aether.internal.impl.DefaultRepositorySystem.resolveArtifact ([1mDefaultRepositorySystem.java:262[m)
    [1mat[m org.apache.maven.project.ProjectModelResolver.resolveModel ([1mProjectModelResolver.java:192[m)
    [1mat[m org.apache.maven.model.building.DefaultModelBuilder.importDependencyManagement ([1mDefaultModelBuilder.java:1265[m)
    [1mat[m org.apache.maven.model.building.DefaultModelBuilder.build ([1mDefaultModelBuilder.java:474[m)
    [1mat[m org.apache.maven.model.building.DefaultModelBuilder.build ([1mDefaultModelBuilder.java:440[m)
    [1mat[m org.apache.maven.project.DefaultProjectBuilder.build ([1mDefaultProjectBuilder.java:618[m)
    [1mat[m org.apache.maven.project.DefaultProjectBuilder.build ([1mDefaultProjectBuilder.java:387[m)
    [1mat[m org.apache.maven.graph.DefaultGraphBuilder.collectProjects ([1mDefaultGraphBuilder.java:414[m)
    [1mat[m org.apache.maven.graph.DefaultGraphBuilder.getProjectsForMavenReactor ([1mDefaultGraphBuilder.java:405[m)
    [1mat[m org.apache.maven.graph.DefaultGraphBuilder.build ([1mDefaultGraphBuilder.java:82[m)
    [1mat[m org.apache.maven.DefaultMaven.buildGraph ([1mDefaultMaven.java:507[m)
    [1mat[m org.apache.maven.DefaultMaven.doExecute ([1mDefaultMaven.java:219[m)
    [1mat[m org.apache.maven.DefaultMaven.doExecute ([1mDefaultMaven.java:192[m)
    [1mat[m org.apache.maven.DefaultMaven.execute ([1mDefaultMaven.java:105[m)
    [1mat[m org.apache.maven.cli.MavenCli.execute ([1mMavenCli.java:957[m)
    [1mat[m org.apache.maven.cli.MavenCli.doMain ([1mMavenCli.java:289[m)
    [1mat[m org.apache.maven.cli.MavenCli.main ([1mMavenCli.java:193[m)
    [1mat[m jdk.internal.reflect.DirectMethodHandleAccessor.invoke ([1mDirectMethodHandleAccessor.java:103[m)
    [1mat[m java.lang.reflect.Method.invoke ([1mMethod.java:580[m)
    [1mat[m org.codehaus.plexus.classworlds.launcher.Launcher.launchEnhanced ([1mLauncher.java:282[m)
    [1mat[m org.codehaus.plexus.classworlds.launcher.Launcher.launch ([1mLauncher.java:225[m)
    [1mat[m org.codehaus.plexus.classworlds.launcher.Launcher.mainWithExitCode ([1mLauncher.java:406[m)
    [1mat[m org.codehaus.plexus.classworlds.launcher.Launcher.main ([1mLauncher.java:347[m)
[[1;31mERROR[m] [ERROR] Some problems were encountered while processing the POMs:
[ERROR] Non-resolvable import POM: Could not transfer artifact org.jetbrains.kotlin:kotlin-bom:pom:2.1.0 from/to central (https://repo.maven.apache.org/maven2): /home/thinkpad/.m2/repository/org/jetbrains/kotlin/kotlin-bom/2.1.0/kotlin-bom-2.1.0.pom.part.lock (Permission denied) @ org.springframework.boot:spring-boot-dependencies:4.0.3, /home/thinkpad/.m2/repository/org/springframework/boot/spring-boot-dependencies/4.0.3/spring-boot-dependencies-4.0.3.pom, line 3274, column 19
 @ 
[[1;31mERROR[m] The build could not read 1 project -> [1m[Help 1][m
[[1;31mERROR[m]   
[[1;31mERROR[m]   The project com.harrish:auth-kotlin:0.0.1-SNAPSHOT (/home/thinkpad/Workspace/PS/springboot-kmc/Workspace/springboot-kmc/auth-kotlin/pom.xml) has 1 error
[[1;31mERROR[m]     Non-resolvable import POM: Could not transfer artifact org.jetbrains.kotlin:kotlin-bom:pom:2.1.0 from/to central (https://repo.maven.apache.org/maven2): /home/thinkpad/.m2/repository/org/jetbrains/kotlin/kotlin-bom/2.1.0/kotlin-bom-2.1.0.pom.part.lock (Permission denied) @ org.springframework.boot:spring-boot-dependencies:4.0.3, /home/thinkpad/.m2/repository/org/springframework/boot/spring-boot-dependencies/4.0.3/spring-boot-dependencies-4.0.3.pom, line 3274, column 19 -> [1m[Help 2][m
[[1;31mERROR[m] 
[[1;31mERROR[m] To see the full stack trace of the errors, re-run Maven with the [1m-e[m switch.
[[1;31mERROR[m] Re-run Maven using the [1m-X[m switch to enable full debug logging.
[[1;31mERROR[m] 
[[1;31mERROR[m] For more information about the errors and possible solutions, please read the following articles:
[[1;31mERROR[m] [1m[Help 1][m http://cwiki.apache.org/confluence/display/MAVEN/ProjectBuildingException
[[1;31mERROR[m] [1m[Help 2][m http://cwiki.apache.org/confluence/display/MAVEN/UnresolvableModelException
